<?xml version="1.0" encoding="UTF-8"?>
<testsuite name="CDTest" tests="3" skipped="0" failures="0" errors="0" timestamp="2016-04-27T21:57:48" hostname="epicodus-44.local" time="0.001">
  <properties/>
  <testcase name="get_Title_correctlyReturnTheTitle" classname="CDTest" time="0.001"/>
  <testcase name="CD_instantiatesCorrectly_True" classname="CDTest" time="0.0"/>
  <testcase name="all_returnAllInstanceOfCD_true" classname="CDTest" time="0.0"/>
  <system-out><![CDATA[]]></system-out>
  <system-err><![CDATA[]]></system-err>
</testsuite>
